<?xml version="1.0" encoding="UTF-8"?>
<!-- Generated by org.testng.reporters.JUnitReportReporter -->
<testsuite hostname="Ramya" failures="0" tests="2" name="crm.test.MyProfileTest" time="7.986" errors="0" timestamp="2022-04-19T09:41:38 IST" skipped="0">
  <testcase classname="crm.test.MyProfileTest" name="addressFillValidation" time="2.716"/>
  <system-out/>
  <testcase classname="crm.test.MyProfileTest" name="addressFillValidation" time="5.270"/>
  <system-out/>
</testsuite> <!-- crm.test.MyProfileTest -->
