<?xml version="1.0" encoding="UTF-8"?>
<!-- Generated by org.testng.reporters.JUnitReportReporter -->
<testsuite hostname="Ramya" failures="0" tests="1" name="Sendkeys" time="5.957" errors="0" timestamp="2022-04-04T10:15:34 IST" skipped="0">
  <testcase classname="Sendkeys" name="sendkeys" time="5.957"/>
  <system-out/>
</testsuite> <!-- Sendkeys -->
