<?xml version="1.0" encoding="UTF-8"?>
<!-- Generated by org.testng.reporters.JUnitReportReporter -->
<testsuite hostname="Ramya" failures="0" tests="1" name="PHPWebsite" time="0.029" errors="0" timestamp="2022-04-04T09:38:21 IST" skipped="0">
  <testcase classname="PHPWebsite" name="login" time="0.029"/>
  <system-out/>
</testsuite> <!-- PHPWebsite -->
