<?xml version="1.0" encoding="UTF-8"?>
<!-- Generated by org.testng.reporters.JUnitReportReporter -->
<testsuite hostname="Ramya" failures="0" tests="14" name="WebElementmethods" time="6.819" errors="0" timestamp="2022-04-21T09:41:12 IST" skipped="13">
  <testcase classname="WebElementmethods" name="takescreenshot" time="6.819"/>
  <system-out/>
  <testcase classname="WebElementmethods" name="frames">
    <skipped/>
  </testcase> <!-- frames -->
  <system-out/>
  <testcase classname="WebElementmethods" name="getText">
    <skipped/>
  </testcase> <!-- getText -->
  <system-out/>
  <testcase classname="WebElementmethods" name="SelectDropdown">
    <skipped/>
  </testcase> <!-- SelectDropdown -->
  <system-out/>
  <testcase classname="WebElementmethods" name="Webtables">
    <skipped/>
  </testcase> <!-- Webtables -->
  <system-out/>
  <testcase classname="WebElementmethods" name="mouseactions">
    <skipped/>
  </testcase> <!-- mouseactions -->
  <system-out/>
  <testcase classname="WebElementmethods" name="implicitwait">
    <skipped/>
  </testcase> <!-- implicitwait -->
  <system-out/>
  <testcase classname="WebElementmethods" name="scrolling">
    <skipped/>
  </testcase> <!-- scrolling -->
  <system-out/>
  <testcase classname="WebElementmethods" name="alerts">
    <skipped/>
  </testcase> <!-- alerts -->
  <system-out/>
  <testcase classname="WebElementmethods" name="WindowsHandles">
    <skipped/>
  </testcase> <!-- WindowsHandles -->
  <system-out/>
  <testcase classname="WebElementmethods" name="sendkeys">
    <skipped/>
  </testcase> <!-- sendkeys -->
  <system-out/>
  <testcase classname="WebElementmethods" name="getAttr">
    <skipped/>
  </testcase> <!-- getAttr -->
  <system-out/>
  <testcase classname="WebElementmethods" name="Buttons">
    <skipped/>
  </testcase> <!-- Buttons -->
  <system-out/>
  <testcase classname="WebElementmethods" name="checkbox">
    <skipped/>
  </testcase> <!-- checkbox -->
  <system-out/>
</testsuite> <!-- WebElementmethods -->
