<?xml version="1.0" encoding="UTF-8"?>
<!-- Generated by org.testng.reporters.JUnitReportReporter -->
<testsuite hostname="Ramya" failures="0" tests="10" name="WebElementmethods" time="14.817" errors="0" timestamp="2022-04-08T09:32:28 IST" skipped="9">
  <testcase classname="WebElementmethods" name="Webtables" time="14.817"/>
  <system-out/>
  <testcase classname="WebElementmethods" name="checkbox">
    <skipped/>
  </testcase> <!-- checkbox -->
  <system-out/>
  <testcase classname="WebElementmethods" name="alerts">
    <skipped/>
  </testcase> <!-- alerts -->
  <system-out/>
  <testcase classname="WebElementmethods" name="frames">
    <skipped/>
  </testcase> <!-- frames -->
  <system-out/>
  <testcase classname="WebElementmethods" name="Buttons">
    <skipped/>
  </testcase> <!-- Buttons -->
  <system-out/>
  <testcase classname="WebElementmethods" name="SelectDropdown">
    <skipped/>
  </testcase> <!-- SelectDropdown -->
  <system-out/>
  <testcase classname="WebElementmethods" name="getAttr">
    <skipped/>
  </testcase> <!-- getAttr -->
  <system-out/>
  <testcase classname="WebElementmethods" name="mouseactions">
    <skipped/>
  </testcase> <!-- mouseactions -->
  <system-out/>
  <testcase classname="WebElementmethods" name="sendkeys">
    <skipped/>
  </testcase> <!-- sendkeys -->
  <system-out/>
  <testcase classname="WebElementmethods" name="getText">
    <skipped/>
  </testcase> <!-- getText -->
  <system-out/>
</testsuite> <!-- WebElementmethods -->
