<?xml version="1.0" encoding="UTF-8"?>
<!-- Generated by org.testng.reporters.JUnitReportReporter -->
<testsuite hostname="Ramya" failures="0" tests="7" name="WebElementmethods" time="6.499" errors="0" timestamp="2022-04-05T10:18:05 IST" skipped="6">
  <testcase classname="WebElementmethods" name="mouseactions" time="6.499"/>
  <system-out/>
  <testcase classname="WebElementmethods" name="getText">
    <skipped/>
  </testcase> <!-- getText -->
  <system-out/>
  <testcase classname="WebElementmethods" name="SelectDropdown">
    <skipped/>
  </testcase> <!-- SelectDropdown -->
  <system-out/>
  <testcase classname="WebElementmethods" name="checkbox">
    <skipped/>
  </testcase> <!-- checkbox -->
  <system-out/>
  <testcase classname="WebElementmethods" name="getAttr">
    <skipped/>
  </testcase> <!-- getAttr -->
  <system-out/>
  <testcase classname="WebElementmethods" name="Buttons">
    <skipped/>
  </testcase> <!-- Buttons -->
  <system-out/>
  <testcase classname="WebElementmethods" name="sendkeys">
    <skipped/>
  </testcase> <!-- sendkeys -->
  <system-out/>
</testsuite> <!-- WebElementmethods -->
