<?xml version="1.0" encoding="UTF-8"?>
<!-- Generated by org.testng.reporters.JUnitReportReporter -->
<testsuite hostname="Ramya" failures="0" tests="2" name="crm.test.HomePageTest" time="0.041" errors="0" timestamp="2022-04-15T23:19:35 IST" skipped="0">
  <testcase classname="crm.test.HomePageTest" name="LoggedInUserNameValidation" time="0.024"/>
  <system-out/>
  <testcase classname="crm.test.HomePageTest" name="HomePageTitleVerification" time="0.017"/>
  <system-out/>
</testsuite> <!-- crm.test.HomePageTest -->
